<?xml version="1.0" encoding="UTF-8"?>
<testng-results skipped="0" failed="0" ignored="0" total="1" passed="1">
  <reporter-output>
  </reporter-output>
  <suite name="Default suite" duration-ms="25011" started-at="2019-09-09T04:45:08Z" finished-at="2019-09-09T04:45:33Z">
    <groups>
    </groups>
    <test name="Default test" duration-ms="25011" started-at="2019-09-09T04:45:08Z" finished-at="2019-09-09T04:45:33Z">
      <class name="com.mavenproject.SampleMavenProj.PageObjectModel.PageObjectClassExmp">
        <test-method status="PASS" signature="satrtProcess()[pri:0, instance:com.mavenproject.SampleMavenProj.PageObjectModel.PageObjectClassExmp@2c039ac6]" name="satrtProcess" is-config="true" duration-ms="13529" started-at="2019-09-09T04:45:08Z" finished-at="2019-09-09T04:45:22Z">
          <reporter-output>
          </reporter-output>
        </test-method> <!-- satrtProcess -->
        <test-method status="PASS" signature="Registraion()[pri:0, instance:com.mavenproject.SampleMavenProj.PageObjectModel.PageObjectClassExmp@2c039ac6]" name="Registraion" duration-ms="11441" started-at="2019-09-09T04:45:22Z" finished-at="2019-09-09T04:45:33Z">
          <reporter-output>
          </reporter-output>
        </test-method> <!-- Registraion -->
      </class> <!-- com.mavenproject.SampleMavenProj.PageObjectModel.PageObjectClassExmp -->
    </test> <!-- Default test -->
  </suite> <!-- Default suite -->
</testng-results>
