<?xml version="1.0" encoding="UTF-8"?>
<testng-results skipped="0" failed="0" ignored="0" total="3" passed="3">
  <reporter-output>
  </reporter-output>
  <suite name="Default suite" duration-ms="94" started-at="2019-12-05T21:05:21 IST" finished-at="2019-12-05T21:05:21 IST">
    <groups>
    </groups>
    <test name="Default test" duration-ms="94" started-at="2019-12-05T21:05:21 IST" finished-at="2019-12-05T21:05:21 IST">
      <class name="com.mavenproject.SampleMavenProj.TestNgsample1">
        <test-method status="PASS" signature="beforeSuite()[pri:0, instance:com.mavenproject.SampleMavenProj.TestNgsample1@7d0587f1]" name="beforeSuite" is-config="true" duration-ms="32" started-at="2019-12-05T21:05:21 IST" finished-at="2019-12-05T21:05:21 IST">
          <reporter-output>
          </reporter-output>
        </test-method> <!-- beforeSuite -->
        <test-method status="PASS" signature="beforeTest()[pri:0, instance:com.mavenproject.SampleMavenProj.TestNgsample1@7d0587f1]" name="beforeTest" is-config="true" duration-ms="5" started-at="2019-12-05T21:05:21 IST" finished-at="2019-12-05T21:05:21 IST">
          <reporter-output>
          </reporter-output>
        </test-method> <!-- beforeTest -->
        <test-method status="PASS" signature="beforeClass()[pri:0, instance:com.mavenproject.SampleMavenProj.TestNgsample1@7d0587f1]" name="beforeClass" is-config="true" duration-ms="0" started-at="2019-12-05T21:05:21 IST" finished-at="2019-12-05T21:05:21 IST">
          <reporter-output>
          </reporter-output>
        </test-method> <!-- beforeClass -->
        <test-method status="PASS" signature="beforeMethod()[pri:0, instance:com.mavenproject.SampleMavenProj.TestNgsample1@7d0587f1]" name="beforeMethod" is-config="true" duration-ms="0" started-at="2019-12-05T21:05:21 IST" finished-at="2019-12-05T21:05:21 IST">
          <reporter-output>
          </reporter-output>
        </test-method> <!-- beforeMethod -->
        <test-method status="PASS" signature="a()[pri:0, instance:com.mavenproject.SampleMavenProj.TestNgsample1@7d0587f1]" name="a" duration-ms="7" started-at="2019-12-05T21:05:21 IST" finished-at="2019-12-05T21:05:21 IST">
          <reporter-output>
          </reporter-output>
        </test-method> <!-- a -->
        <test-method status="PASS" signature="afterMethod()[pri:0, instance:com.mavenproject.SampleMavenProj.TestNgsample1@7d0587f1]" name="afterMethod" is-config="true" duration-ms="0" started-at="2019-12-05T21:05:21 IST" finished-at="2019-12-05T21:05:21 IST">
          <reporter-output>
          </reporter-output>
        </test-method> <!-- afterMethod -->
        <test-method status="PASS" signature="beforeMethod()[pri:0, instance:com.mavenproject.SampleMavenProj.TestNgsample1@7d0587f1]" name="beforeMethod" is-config="true" duration-ms="1" started-at="2019-12-05T21:05:21 IST" finished-at="2019-12-05T21:05:21 IST">
          <reporter-output>
          </reporter-output>
        </test-method> <!-- beforeMethod -->
        <test-method status="PASS" signature="b()[pri:0, instance:com.mavenproject.SampleMavenProj.TestNgsample1@7d0587f1]" name="b" duration-ms="3" started-at="2019-12-05T21:05:21 IST" finished-at="2019-12-05T21:05:21 IST">
          <reporter-output>
          </reporter-output>
        </test-method> <!-- b -->
        <test-method status="PASS" signature="afterMethod()[pri:0, instance:com.mavenproject.SampleMavenProj.TestNgsample1@7d0587f1]" name="afterMethod" is-config="true" duration-ms="0" started-at="2019-12-05T21:05:21 IST" finished-at="2019-12-05T21:05:21 IST">
          <reporter-output>
          </reporter-output>
        </test-method> <!-- afterMethod -->
        <test-method status="PASS" signature="beforeMethod()[pri:0, instance:com.mavenproject.SampleMavenProj.TestNgsample1@7d0587f1]" name="beforeMethod" is-config="true" duration-ms="1" started-at="2019-12-05T21:05:21 IST" finished-at="2019-12-05T21:05:21 IST">
          <reporter-output>
          </reporter-output>
        </test-method> <!-- beforeMethod -->
        <test-method status="PASS" signature="f()[pri:0, instance:com.mavenproject.SampleMavenProj.TestNgsample1@7d0587f1]" name="f" duration-ms="2" started-at="2019-12-05T21:05:21 IST" finished-at="2019-12-05T21:05:21 IST">
          <reporter-output>
          </reporter-output>
        </test-method> <!-- f -->
        <test-method status="PASS" signature="afterMethod()[pri:0, instance:com.mavenproject.SampleMavenProj.TestNgsample1@7d0587f1]" name="afterMethod" is-config="true" duration-ms="0" started-at="2019-12-05T21:05:21 IST" finished-at="2019-12-05T21:05:21 IST">
          <reporter-output>
          </reporter-output>
        </test-method> <!-- afterMethod -->
        <test-method status="PASS" signature="afterClass()[pri:0, instance:com.mavenproject.SampleMavenProj.TestNgsample1@7d0587f1]" name="afterClass" is-config="true" duration-ms="0" started-at="2019-12-05T21:05:21 IST" finished-at="2019-12-05T21:05:21 IST">
          <reporter-output>
          </reporter-output>
        </test-method> <!-- afterClass -->
        <test-method status="PASS" signature="afterTest()[pri:0, instance:com.mavenproject.SampleMavenProj.TestNgsample1@7d0587f1]" name="afterTest" is-config="true" duration-ms="0" started-at="2019-12-05T21:05:21 IST" finished-at="2019-12-05T21:05:21 IST">
          <reporter-output>
          </reporter-output>
        </test-method> <!-- afterTest -->
        <test-method status="PASS" signature="afterSuite()[pri:0, instance:com.mavenproject.SampleMavenProj.TestNgsample1@7d0587f1]" name="afterSuite" is-config="true" duration-ms="2" started-at="2019-12-05T21:05:21 IST" finished-at="2019-12-05T21:05:21 IST">
          <reporter-output>
          </reporter-output>
        </test-method> <!-- afterSuite -->
      </class> <!-- com.mavenproject.SampleMavenProj.TestNgsample1 -->
    </test> <!-- Default test -->
  </suite> <!-- Default suite -->
</testng-results>
