<?xml version="1.0" encoding="UTF-8"?>
<!-- Generated by org.testng.reporters.JUnitXMLReporter -->
<testsuite hostname="DESKTOP-HQ74KQ8" ignored="0" name="Default test" tests="3" failures="0" timestamp="2019-12-05T21:05:21 IST" time="0.094" errors="0">
  <testcase name="a" time="0.007" classname="com.mavenproject.SampleMavenProj.TestNgsample1"/>
  <testcase name="b" time="0.003" classname="com.mavenproject.SampleMavenProj.TestNgsample1"/>
  <testcase name="f" time="0.002" classname="com.mavenproject.SampleMavenProj.TestNgsample1"/>
</testsuite> <!-- Default test -->
