<?xml version="1.0" encoding="UTF-8"?>
<!-- Generated by org.testng.reporters.JUnitXMLReporter -->
<testsuite hostname="IBM052-PC06XMR5" ignored="1" name="Default test" tests="2" failures="0" timestamp="26 Aug 2019 14:27:38 GMT" time="0.065" errors="0">
  <testcase name="f" time="0.01" classname="com.mavenproject.SampleMavenProj.TestNgsample1"/>
  <testcase name="b" time="0.002" classname="com.mavenproject.SampleMavenProj.TestNgsample1"/>
  <testcase name="a" time="0.0" classname="com.mavenproject.SampleMavenProj.TestNgsample1">
    <ignored/>
  </testcase> <!-- a -->
</testsuite> <!-- Default test -->
