<?xml version="1.0" encoding="UTF-8"?>
<!-- Generated by org.testng.reporters.JUnitXMLReporter -->
<testsuite hostname="DESKTOP-HQ74KQ8" ignored="2" name="GroupTest" tests="2" failures="0" timestamp="2019-10-16T09:25:01 IST" time="62.017" errors="0">
  <testcase name="checkBoxTest" time="3.811" classname="com.mavenproject.SampleMavenProj.CheckBox"/>
  <testcase name="linktexttest" time="1.001" classname="com.mavenproject.SampleMavenProj.linktext"/>
  <testcase name="amazon" time="0.0" classname="com.mavenproject.SampleMavenProj.AmzonUsingTestNg">
    <ignored/>
  </testcase> <!-- amazon -->
  <testcase name="radioButtonTest" time="0.0" classname="com.mavenproject.SampleMavenProj.RadioButton">
    <ignored/>
  </testcase> <!-- radioButtonTest -->
</testsuite> <!-- GroupTest -->
