<?xml version="1.0" encoding="UTF-8"?>
<!-- Generated by org.testng.reporters.JUnitXMLReporter -->
<testsuite hostname="DESKTOP-HQ74KQ8" ignored="0" name="ChromeTest" tests="4" failures="0" timestamp="2019-10-14T20:10:51 IST" time="152.234" errors="0">
  <testcase name="amazon" time="14.639" classname="com.mavenproject.SampleMavenProj.AmzonUsingTestNg"/>
  <testcase name="checkBoxTest" time="18.253" classname="com.mavenproject.SampleMavenProj.CheckBox"/>
  <testcase name="linktexttest" time="5.717" classname="com.mavenproject.SampleMavenProj.linktext"/>
  <testcase name="radioButtonTest" time="18.425" classname="com.mavenproject.SampleMavenProj.RadioButton"/>
</testsuite> <!-- ChromeTest -->
