<?xml version="1.0" encoding="UTF-8"?>
<!-- Generated by org.testng.reporters.JUnitXMLReporter -->
<testsuite hostname="IBM052-PC06XMR5" ignored="0" name="SanityTest" tests="4" failures="0" timestamp="10 Sep 2019 04:32:08 GMT" time="138.572" errors="0">
  <testcase name="amazon" time="4.313" classname="com.mavenproject.SampleMavenProj.AmzonUsingTestNg"/>
  <testcase name="checkBoxTest" time="4.912" classname="com.mavenproject.SampleMavenProj.CheckBox"/>
  <testcase name="linktexttest" time="1.114" classname="com.mavenproject.SampleMavenProj.linktext"/>
  <testcase name="radioButtonTest" time="3.123" classname="com.mavenproject.SampleMavenProj.RadioButton"/>
</testsuite> <!-- SanityTest -->
